<?xml version="1.0" encoding="UTF-8"?>
<!-- Generated by org.testng.reporters.JUnitReportReporter -->
<testsuite hostname="nn-lregulski-01" name="com.akamai.tests.Search_Test_Jobs" tests="3" failures="0" timestamp="22 Jan 2017 21:08:57 GMT" time="42.709" errors="0">
  <testcase name="checkNumberOfJobsPosted" time="11.663" classname="com.akamai.tests.Search_Test_Jobs"/>
  <testcase name="checkNumberOfResults" time="12.506" classname="com.akamai.tests.Search_Test_Jobs"/>
  <testcase name="checkDatePostedForOffer" time="18.540" classname="com.akamai.tests.Search_Test_Jobs"/>
</testsuite> <!-- com.akamai.tests.Search_Test_Jobs -->
