<?xml version="1.0" encoding="UTF-8"?>
<!-- Generated by org.testng.reporters.JUnitReportReporter -->
<testsuite hostname="nn-lregulski-01" name="com.akamai.tests.Search_Test_Jobs" tests="3" failures="0" timestamp="23 Jan 2017 01:45:49 GMT" time="46.504" errors="0">
  <testcase name="checkNumberOfJobsPosted" time="12.746" classname="com.akamai.tests.Search_Test_Jobs"/>
  <testcase name="checkDatePostedForOffer" time="20.531" classname="com.akamai.tests.Search_Test_Jobs"/>
  <testcase name="checkNumberOfResults" time="13.227" classname="com.akamai.tests.Search_Test_Jobs"/>
</testsuite> <!-- com.akamai.tests.Search_Test_Jobs -->
