<?xml version="1.0" encoding="UTF-8"?>
<!-- Generated by org.testng.reporters.JUnitReportReporter -->
<testsuite hostname="nn-lregulski-01" name="com.akamai.tests.Search_Test_Jobs" tests="3" failures="0" timestamp="22 Jan 2017 23:09:07 GMT" time="42.230" errors="0">
  <testcase name="checkNumberOfJobsPosted" time="11.509" classname="com.akamai.tests.Search_Test_Jobs"/>
  <testcase name="checkNumberOfResults" time="12.339" classname="com.akamai.tests.Search_Test_Jobs"/>
  <testcase name="checkDatePostedForOffer" time="18.382" classname="com.akamai.tests.Search_Test_Jobs"/>
</testsuite> <!-- com.akamai.tests.Search_Test_Jobs -->
