<?xml version="1.0" encoding="UTF-8"?>
<!-- Generated by org.testng.reporters.JUnitReportReporter -->
<testsuite hostname="nn-lregulski-01" name="com.akamai.tests.Search_Test_Jobs" tests="3" failures="0" timestamp="22 Jan 2017 22:48:09 GMT" time="46.583" errors="0">
  <testcase name="checkNumberOfJobsPosted" time="13.276" classname="com.akamai.tests.Search_Test_Jobs"/>
  <testcase name="checkDatePostedForOffer" time="18.476" classname="com.akamai.tests.Search_Test_Jobs"/>
  <testcase name="checkNumberOfResults" time="14.831" classname="com.akamai.tests.Search_Test_Jobs"/>
</testsuite> <!-- com.akamai.tests.Search_Test_Jobs -->
