<?xml version="1.0" encoding="UTF-8"?>
<!-- Generated by org.testng.reporters.JUnitReportReporter -->
<testsuite hostname="nn-lregulski-01" name="com.akamai.tests.Search_Test_Jobs" tests="3" failures="0" timestamp="23 Jan 2017 00:03:20 GMT" time="45.318" errors="0">
  <testcase name="checkDatePostedForOffer" time="17.976" classname="com.akamai.tests.Search_Test_Jobs"/>
  <testcase name="checkNumberOfJobsPosted" time="12.455" classname="com.akamai.tests.Search_Test_Jobs"/>
  <testcase name="checkNumberOfResults" time="14.887" classname="com.akamai.tests.Search_Test_Jobs"/>
</testsuite> <!-- com.akamai.tests.Search_Test_Jobs -->
